2018-03-19 11:11:36,077 INFO o.a.j.u.JMeterUtils: Setting Locale to en_IN
2018-03-19 11:11:36,110 INFO o.a.j.JMeter: Loading user properties from: user.properties
2018-03-19 11:11:36,111 INFO o.a.j.JMeter: Loading system properties from: system.properties
2018-03-19 11:11:36,117 INFO o.a.j.JMeter: Copyright (c) 1998-2017 The Apache Software Foundation
2018-03-19 11:11:36,118 INFO o.a.j.JMeter: Version 3.3 r1808647
2018-03-19 11:11:36,118 INFO o.a.j.JMeter: java.version=9.0.1
2018-03-19 11:11:36,118 INFO o.a.j.JMeter: java.vm.name=Java HotSpot(TM) 64-Bit Server VM
2018-03-19 11:11:36,118 INFO o.a.j.JMeter: os.name=Windows 10
2018-03-19 11:11:36,118 INFO o.a.j.JMeter: os.arch=amd64
2018-03-19 11:11:36,118 INFO o.a.j.JMeter: os.version=10.0
2018-03-19 11:11:36,118 INFO o.a.j.JMeter: file.encoding=Cp1252
2018-03-19 11:11:36,118 INFO o.a.j.JMeter: Max memory     =536870912
2018-03-19 11:11:36,119 INFO o.a.j.JMeter: Available Processors =4
2018-03-19 11:11:36,132 INFO o.a.j.JMeter: Default Locale=English (India)
2018-03-19 11:11:36,132 INFO o.a.j.JMeter: JMeter  Locale=English (India)
2018-03-19 11:11:36,132 INFO o.a.j.JMeter: JMeterHome=C:\workspace\mvn-ws\projects\jmeter-testproject\target\jmeter
2018-03-19 11:11:36,132 INFO o.a.j.JMeter: user.dir  =C:\workspace\mvn-ws\projects\jmeter-testproject\target\jmeter\bin
2018-03-19 11:11:36,133 INFO o.a.j.JMeter: PWD       =C:\workspace\mvn-ws\projects\jmeter-testproject\target\jmeter\bin
2018-03-19 11:11:36,136 INFO o.a.j.JMeter: IP: 57.4.88.106 Name: DELLT5CG74216Y5 FullName: DELLT5CG74216Y5.corp.sita.aero
2018-03-19 11:11:36,138 INFO o.a.j.JMeter: Setting property 'jmeter.reportgenerator.outputdir' to:'C:\workspace\mvn-ws\projects\jmeter-testproject\target\jmeter\reports\jmeter-jenkins_20180319_111129'
2018-03-19 11:11:36,141 INFO o.a.j.s.FileServer: Default base='C:\workspace\mvn-ws\projects\jmeter-testproject\target\jmeter\bin'
2018-03-19 11:11:36,142 INFO o.a.j.s.FileServer: Set new base='C:\workspace\mvn-ws\projects\jmeter-testproject\target\jmeter\testFiles'
2018-03-19 11:11:36,442 INFO o.a.j.s.SaveService: Testplan (JMX) version: 2.2. Testlog (JTL) version: 2.2
2018-03-19 11:11:36,475 INFO o.a.j.s.SaveService: Using SaveService properties version 3.2
2018-03-19 11:11:36,486 INFO o.a.j.s.SaveService: Using SaveService properties file encoding UTF-8
2018-03-19 11:11:36,496 INFO o.a.j.s.SaveService: Loading file: C:\workspace\mvn-ws\projects\jmeter-testproject\target\jmeter\testFiles\jmeter-jenkins.jmx
2018-03-19 11:11:36,580 INFO o.a.j.p.h.s.HTTPSamplerBase: Parser for text/html is org.apache.jmeter.protocol.http.parser.LagartoBasedHtmlParser
2018-03-19 11:11:36,581 INFO o.a.j.p.h.s.HTTPSamplerBase: Parser for application/xhtml+xml is org.apache.jmeter.protocol.http.parser.LagartoBasedHtmlParser
2018-03-19 11:11:36,581 INFO o.a.j.p.h.s.HTTPSamplerBase: Parser for application/xml is org.apache.jmeter.protocol.http.parser.LagartoBasedHtmlParser
2018-03-19 11:11:36,581 INFO o.a.j.p.h.s.HTTPSamplerBase: Parser for text/xml is org.apache.jmeter.protocol.http.parser.LagartoBasedHtmlParser
2018-03-19 11:11:36,581 INFO o.a.j.p.h.s.HTTPSamplerBase: Parser for text/vnd.wap.wml is org.apache.jmeter.protocol.http.parser.RegexpHTMLParser
2018-03-19 11:11:36,581 INFO o.a.j.p.h.s.HTTPSamplerBase: Parser for text/css is org.apache.jmeter.protocol.http.parser.CssParser
2018-03-19 11:11:36,617 INFO o.a.j.JMeter: Creating summariser <summary>
2018-03-19 11:11:36,624 INFO o.a.j.r.d.ReportGenerator: ReportGenerator will use for Parsing the separator: ','
2018-03-19 11:11:36,624 INFO o.a.j.r.d.ReportGenerator: Will generate report at end of test from  results file: C:\workspace\mvn-ws\projects\jmeter-testproject\target\jmeter\results\20180319-jmeter-jenkins.csv
2018-03-19 11:11:36,625 INFO o.a.j.r.d.ReportGenerator: Reading report generator properties from: C:\workspace\mvn-ws\projects\jmeter-testproject\target\jmeter\bin\reportgenerator.properties
2018-03-19 11:11:36,625 INFO o.a.j.r.d.ReportGenerator: Merging with JMeter properties
2018-03-19 11:11:36,634 INFO o.a.j.r.c.ReportGeneratorConfiguration: Property 'jmeter.reportgenerator.temp_dir' not found, using default value 'temp' instead.
2018-03-19 11:11:36,638 INFO o.a.j.r.c.ReportGeneratorConfiguration: Property 'jmeter.reportgenerator.apdex_per_transaction' not found, using default value 'null' instead.
2018-03-19 11:11:36,638 INFO o.a.j.r.c.ReportGeneratorConfiguration: apdex_per_transaction : {} is empty, not APDEX per transaction customization
2018-03-19 11:11:36,638 INFO o.a.j.r.c.ReportGeneratorConfiguration: Property 'jmeter.reportgenerator.sample_filter' not found, using default value 'null' instead.
2018-03-19 11:11:36,638 INFO o.a.j.r.c.ReportGeneratorConfiguration: Property 'jmeter.reportgenerator.start_date' not found, using default value 'null' instead.
2018-03-19 11:11:36,639 INFO o.a.j.r.c.ReportGeneratorConfiguration: Property 'jmeter.reportgenerator.end_date' not found, using default value 'null' instead.
2018-03-19 11:11:36,639 INFO o.a.j.r.c.ReportGeneratorConfiguration: Property 'jmeter.reportgenerator.date_format' not found, using default value 'null' instead.
2018-03-19 11:11:36,646 INFO o.a.j.r.c.ReportGeneratorConfiguration: Will use date range start date: null, end date: null
2018-03-19 11:11:36,654 INFO o.a.j.r.c.ReportGeneratorConfiguration: Property 'jmeter.reportgenerator.graph.activeThreadsOverTime.exclude_controllers' not found, using default value 'false' instead.
2018-03-19 11:11:36,654 INFO o.a.j.r.c.ReportGeneratorConfiguration: Property 'jmeter.reportgenerator.graph.timeVsThreads.exclude_controllers' not found, using default value 'false' instead.
2018-03-19 11:11:36,654 INFO o.a.j.r.c.ReportGeneratorConfiguration: Property 'jmeter.reportgenerator.graph.responseTimeDistribution.exclude_controllers' not found, using default value 'false' instead.
2018-03-19 11:11:36,655 INFO o.a.j.r.c.ReportGeneratorConfiguration: Property 'jmeter.reportgenerator.graph.transactionsPerSecond.exclude_controllers' not found, using default value 'false' instead.
2018-03-19 11:11:36,655 INFO o.a.j.r.c.ReportGeneratorConfiguration: Property 'jmeter.reportgenerator.graph.responseTimePercentiles.exclude_controllers' not found, using default value 'false' instead.
2018-03-19 11:11:36,655 INFO o.a.j.r.c.ReportGeneratorConfiguration: Property 'jmeter.reportgenerator.graph.responseTimePercentilesOverTime.exclude_controllers' not found, using default value 'false' instead.
2018-03-19 11:11:36,655 INFO o.a.j.r.c.ReportGeneratorConfiguration: Property 'jmeter.reportgenerator.graph.responseTimesOverTime.exclude_controllers' not found, using default value 'false' instead.
2018-03-19 11:11:36,657 INFO o.a.j.r.c.ReportGeneratorConfiguration: Property 'jmeter.reportgenerator.graph.connectTimeOverTime.exclude_controllers' not found, using default value 'false' instead.
2018-03-19 11:11:36,658 INFO o.a.j.r.c.ReportGeneratorConfiguration: Property 'jmeter.reportgenerator.graph.latenciesOverTime.exclude_controllers' not found, using default value 'false' instead.
2018-03-19 11:11:36,661 INFO o.a.j.r.c.ReportGeneratorConfiguration: Property 'jmeter.reportgenerator.exporter.html.filters_only_sample_series' not found, using default value 'true' instead.
2018-03-19 11:11:36,661 INFO o.a.j.r.c.ReportGeneratorConfiguration: Property 'jmeter.reportgenerator.exporter.html.series_filter' not found, using default value '' instead.
2018-03-19 11:11:36,661 INFO o.a.j.r.c.ReportGeneratorConfiguration: Property 'jmeter.reportgenerator.exporter.html.show_controllers_only' not found, using default value 'false' instead.
2018-03-19 11:11:36,670 INFO o.a.j.e.StandardJMeterEngine: Running the test!
2018-03-19 11:11:36,671 INFO o.a.j.s.SampleEvent: List of sample_variables: []
2018-03-19 11:11:36,671 INFO o.a.j.s.SampleEvent: List of sample_variables: []
2018-03-19 11:11:36,685 INFO o.a.j.e.u.CompoundVariable: Note: Function class names must contain the string: '.functions.'
2018-03-19 11:11:36,685 INFO o.a.j.e.u.CompoundVariable: Note: Function class names must not contain the string: '.gui.'
2018-03-19 11:11:36,766 WARN o.a.j.u.JMeterUtils: ERROR! Resource string not found: [change_case_string]
2018-03-19 11:11:36,767 WARN o.a.j.u.JMeterUtils: ERROR! Resource string not found: [change_case_mode]
2018-03-19 11:11:36,769 WARN o.a.j.u.JMeterUtils: ERROR! Resource string not found: [date_string]
2018-03-19 11:11:36,769 WARN o.a.j.u.JMeterUtils: ERROR! Resource string not found: [date_format_old]
2018-03-19 11:11:36,769 WARN o.a.j.u.JMeterUtils: ERROR! Resource string not found: [date_format_new]
2018-03-19 11:11:36,770 WARN o.a.j.u.JMeterUtils: ERROR! Resource string not found: [algorithm_string]
2018-03-19 11:11:36,770 WARN o.a.j.u.JMeterUtils: ERROR! Resource string not found: [sha_string]
2018-03-19 11:11:36,770 WARN o.a.j.u.JMeterUtils: ERROR! Resource string not found: [salt_string]
2018-03-19 11:11:36,770 WARN o.a.j.u.JMeterUtils: ERROR! Resource string not found: [upper_case]
2018-03-19 11:11:37,212 INFO o.a.j.JMeter: Running test (1521438097212)
2018-03-19 11:11:37,275 INFO o.a.j.e.StandardJMeterEngine: Starting ThreadGroup: 1 : Thread Group
2018-03-19 11:11:37,275 INFO o.a.j.e.StandardJMeterEngine: Starting 1 threads for group Thread Group.
2018-03-19 11:11:37,275 INFO o.a.j.e.StandardJMeterEngine: Thread will continue on error
2018-03-19 11:11:37,275 INFO o.a.j.t.ThreadGroup: Starting thread group... number=1 threads=1 ramp-up=1 perThread=1000.0 delayedStart=false
2018-03-19 11:11:37,283 INFO o.a.j.t.ThreadGroup: Started thread group number 1
2018-03-19 11:11:37,283 INFO o.a.j.e.StandardJMeterEngine: All thread groups have been started
2018-03-19 11:11:37,286 INFO o.a.j.t.JMeterThread: Thread started: Thread Group 1-1
2018-03-19 11:11:37,314 INFO o.a.j.p.h.s.HTTPHCAbstractImpl: Local host = DELLT5CG74216Y5
2018-03-19 11:11:37,321 INFO o.a.j.p.h.s.HTTPHC4Impl: HTTP request retry count = 0
2018-03-19 11:11:37,333 INFO o.a.j.s.SampleResult: Note: Sample TimeStamps are START times
2018-03-19 11:11:37,334 INFO o.a.j.s.SampleResult: sampleresult.default.encoding is set to ISO-8859-1
2018-03-19 11:11:37,334 INFO o.a.j.s.SampleResult: sampleresult.useNanoTime=true
2018-03-19 11:11:37,334 INFO o.a.j.s.SampleResult: sampleresult.nanoThreadSleep=5000
2018-03-19 11:11:37,699 INFO o.a.j.p.h.s.LazySchemeSocketFactory: Setting up HTTPS TrustAll Socket Factory
2018-03-19 11:11:37,726 INFO o.a.j.u.JsseSSLManager: Using default SSL protocol: TLS
2018-03-19 11:11:37,726 INFO o.a.j.u.JsseSSLManager: SSL session context: per-thread
2018-03-19 11:11:38,161 INFO o.a.j.u.SSLManager: JmeterKeyStore Location:  type JKS
2018-03-19 11:11:38,162 INFO o.a.j.u.SSLManager: KeyStore created OK
2018-03-19 11:11:38,162 WARN o.a.j.u.SSLManager: Keystore file not found, loading empty keystore
2018-03-19 11:12:01,191 INFO o.a.j.r.Summariser: summary +     27 in 00:00:24 =    1.1/s Avg:   881 Min:    57 Max:  2654 Err:     0 (0.00%) Active: 1 Started: 1 Finished: 0
2018-03-19 11:12:08,693 INFO o.a.j.t.JMeterThread: Thread is done: Thread Group 1-1
2018-03-19 11:12:08,694 INFO o.a.j.t.JMeterThread: Thread finished: Thread Group 1-1
2018-03-19 11:12:08,694 INFO o.a.j.e.StandardJMeterEngine: Notifying test listeners of end of test
2018-03-19 11:12:08,705 INFO o.a.j.r.Summariser: summary +     13 in 00:00:08 =    1.7/s Avg:   576 Min:    51 Max:  1019 Err:     0 (0.00%) Active: 0 Started: 1 Finished: 1
2018-03-19 11:12:08,706 INFO o.a.j.r.Summariser: summary =     40 in 00:00:31 =    1.3/s Avg:   782 Min:    51 Max:  2654 Err:     0 (0.00%)
2018-03-19 11:12:08,706 INFO o.a.j.JMeter: Generating Dashboard
2018-03-19 11:12:08,706 INFO o.a.j.r.d.ReportGenerator: Flushing result collector before report Generation
2018-03-19 11:12:08,720 INFO o.a.j.r.p.NormalizerSampleConsumer: Using format, 'ms', to parse timeStamp field
2018-03-19 11:12:08,813 INFO o.a.j.r.p.AbstractSampleConsumer: class org.apache.jmeter.report.processor.AggregateConsumer#stopProducing(): beginDate produced 0 samples
2018-03-19 11:12:08,813 INFO o.a.j.r.p.AbstractSampleConsumer: class org.apache.jmeter.report.processor.AggregateConsumer#stopProducing(): endDate produced 0 samples
2018-03-19 11:12:08,814 INFO o.a.j.r.p.AbstractSampleConsumer: class org.apache.jmeter.report.processor.ApdexSummaryConsumer#stopProducing(): apdexSummary produced 0 samples
2018-03-19 11:12:08,814 INFO o.a.j.r.p.AbstractSampleConsumer: class org.apache.jmeter.report.processor.RequestsSummaryConsumer#stopProducing(): requestsSummary produced 0 samples
2018-03-19 11:12:08,820 INFO o.a.j.r.p.AbstractSampleConsumer: class org.apache.jmeter.report.processor.StatisticsSummaryConsumer#stopProducing(): statisticsSummary produced 0 samples
2018-03-19 11:12:08,821 INFO o.a.j.r.p.AbstractSampleConsumer: class org.apache.jmeter.report.processor.Top5ErrorsBySamplerConsumer#stopProducing(): top5ErrorsBySampler produced 0 samples
2018-03-19 11:12:08,821 INFO o.a.j.r.p.AbstractSampleConsumer: class org.apache.jmeter.report.processor.ErrorsSummaryConsumer#stopProducing(): errorsSummary produced 0 samples
2018-03-19 11:12:08,821 INFO o.a.j.r.p.AbstractSampleConsumer: class org.apache.jmeter.report.processor.graph.impl.HitsPerSecondGraphConsumer#stopProducing(): hitsPerSecond produced 0 samples
2018-03-19 11:12:08,838 INFO o.a.j.r.p.AbstractSampleConsumer: class org.apache.jmeter.report.processor.graph.impl.LatencyVSRequestGraphConsumer#stopProducing(): latencyVsRequest produced 0 samples
2018-03-19 11:12:08,838 INFO o.a.j.r.p.AbstractSampleConsumer: class org.apache.jmeter.report.processor.graph.impl.SyntheticResponseTimeDistributionGraphConsumer#stopProducing(): syntheticResponseTimeDistribution produced 0 samples
2018-03-19 11:12:08,838 INFO o.a.j.r.p.AbstractSampleConsumer: class org.apache.jmeter.report.processor.graph.impl.BytesThroughputGraphConsumer#stopProducing(): bytesThroughputOverTime produced 0 samples
2018-03-19 11:12:08,838 INFO o.a.j.r.p.AbstractSampleConsumer: class org.apache.jmeter.report.processor.graph.impl.CodesPerSecondGraphConsumer#stopProducing(): codesPerSecond produced 0 samples
2018-03-19 11:12:08,843 INFO o.a.j.r.p.AbstractSampleConsumer: class org.apache.jmeter.report.processor.graph.impl.ResponseTimeVSRequestGraphConsumer#stopProducing(): responseTimeVsRequest produced 0 samples
2018-03-19 11:12:08,843 INFO o.a.j.r.p.AbstractSampleConsumer: class org.apache.jmeter.report.processor.FilterConsumer#stopProducing(): startIntervalControlerFilter produced 280 samples
2018-03-19 11:12:08,843 INFO o.a.j.r.p.AbstractSampleConsumer: class org.apache.jmeter.report.processor.graph.impl.ActiveThreadsGraphConsumer#stopProducing(): activeThreadsOverTime produced 0 samples
2018-03-19 11:12:08,844 INFO o.a.j.r.p.AbstractSampleConsumer: class org.apache.jmeter.report.processor.graph.impl.TimeVSThreadGraphConsumer#stopProducing(): timeVsThreads produced 0 samples
2018-03-19 11:12:08,844 INFO o.a.j.r.p.AbstractSampleConsumer: class org.apache.jmeter.report.processor.graph.impl.ResponseTimeDistributionGraphConsumer#stopProducing(): responseTimeDistribution produced 0 samples
2018-03-19 11:12:08,844 INFO o.a.j.r.p.AbstractSampleConsumer: class org.apache.jmeter.report.processor.graph.impl.TransactionsPerSecondGraphConsumer#stopProducing(): transactionsPerSecond produced 0 samples
2018-03-19 11:12:08,844 INFO o.a.j.r.p.AbstractSampleConsumer: class org.apache.jmeter.report.processor.graph.impl.ResponseTimePercentilesGraphConsumer#stopProducing(): responseTimePercentiles produced 0 samples
2018-03-19 11:12:08,847 INFO o.a.j.r.p.AbstractSampleConsumer: class org.apache.jmeter.report.processor.graph.impl.ResponseTimePercentilesOverTimeGraphConsumer#stopProducing(): responseTimePercentilesOverTime produced 0 samples
2018-03-19 11:12:08,847 INFO o.a.j.r.p.AbstractSampleConsumer: class org.apache.jmeter.report.processor.graph.impl.ResponseTimeOverTimeGraphConsumer#stopProducing(): responseTimesOverTime produced 0 samples
2018-03-19 11:12:08,847 INFO o.a.j.r.p.AbstractSampleConsumer: class org.apache.jmeter.report.processor.graph.impl.ConnectTimeOverTimeGraphConsumer#stopProducing(): connectTimeOverTime produced 0 samples
2018-03-19 11:12:08,847 INFO o.a.j.r.p.AbstractSampleConsumer: class org.apache.jmeter.report.processor.graph.impl.LatencyOverTimeGraphConsumer#stopProducing(): latenciesOverTime produced 0 samples
2018-03-19 11:12:08,848 INFO o.a.j.r.p.AbstractSampleConsumer: class org.apache.jmeter.report.processor.FilterConsumer#stopProducing(): nameFilter produced 560 samples
2018-03-19 11:12:08,848 INFO o.a.j.r.p.AbstractSampleConsumer: class org.apache.jmeter.report.processor.FilterConsumer#stopProducing(): dateRangeFilter produced 120 samples
2018-03-19 11:12:08,848 INFO o.a.j.r.p.AbstractSampleConsumer: class org.apache.jmeter.report.processor.NormalizerSampleConsumer#stopProducing(): normalizer produced 40 samples
2018-03-19 11:12:08,848 INFO o.a.j.r.p.CsvFileSampleSource: produce(): 40 samples produced in 100ms on channel 0
2018-03-19 11:12:08,849 INFO o.a.j.r.d.ReportGenerator: Exporting data using exporter:'html' of className:'org.apache.jmeter.report.dashboard.HtmlTemplateExporter'
2018-03-19 11:12:08,851 INFO o.a.j.r.d.HtmlTemplateExporter: Will generate dashboard in folder: C:\workspace\mvn-ws\projects\jmeter-testproject\target\jmeter\reports\jmeter-jenkins_20180319_111129
2018-03-19 11:12:08,954 INFO o.a.j.r.d.HtmlTemplateExporter: Report will be generated in: C:\workspace\mvn-ws\projects\jmeter-testproject\target\jmeter\reports\jmeter-jenkins_20180319_111129, creating folder structure
2018-03-19 11:12:11,618 INFO o.a.j.JMeter: Dashboard generated
